This is pdfTeX, Version 3.141592653-2.6-1.40.24 (MiKTeX 21.12) (preloaded format=pdflatex 2022.3.8)  25 APR 2022 17:07
entering extended mode
 restricted \write18 enabled.
 file:line:error style messages enabled.
 %&-line parsing enabled.
**c:/Users/krish/Desktop/DBMS/Documentation/Final_Project_Submission.tex
(c:/Users/krish/Desktop/DBMS/Documentation/Final_Project_Submission.tex
LaTeX2e <2021-11-15> patch level 1
L3 programming layer <2021-11-22> (C:\Program Files\MiKTeX\tex/latex/base\report.cls
Document Class: report 2021/10/04 v1.4n Standard LaTeX document class
(C:\Program Files\MiKTeX\tex/latex/base\size12.clo
File: size12.clo 2021/10/04 v1.4n Standard LaTeX file (size option)
)
\c@part=\count183
\c@chapter=\count184
\c@section=\count185
\c@subsection=\count186
\c@subsubsection=\count187
\c@paragraph=\count188
\c@subparagraph=\count189
\c@figure=\count190
\c@table=\count191
\abovecaptionskip=\skip47
\belowcaptionskip=\skip48
\bibindent=\dimen138
) (C:\Program Files\MiKTeX\tex/latex/base\inputenc.sty
Package: inputenc 2021/02/14 v1.3d Input encoding file
\inpenc@prehook=\toks16
\inpenc@posthook=\toks17
) (C:\Program Files\MiKTeX\tex/latex/graphics\graphicx.sty
Package: graphicx 2021/09/16 v1.2d Enhanced LaTeX Graphics (DPC,SPQR)
 (C:\Program Files\MiKTeX\tex/latex/graphics\keyval.sty
Package: keyval 2014/10/28 v1.15 key=value parser (DPC)
\KV@toks@=\toks18
) (C:\Program Files\MiKTeX\tex/latex/graphics\graphics.sty
Package: graphics 2021/03/04 v1.4d Standard LaTeX Graphics (DPC,SPQR)
 (C:\Program Files\MiKTeX\tex/latex/graphics\trig.sty
Package: trig 2021/08/11 v1.11 sin cos tan (DPC)
) (C:\Program Files\MiKTeX\tex/latex/graphics-cfg\graphics.cfg
File: graphics.cfg 2016/06/04 v1.11 sample graphics configuration
)
Package graphics Info: Driver file: pdftex.def on input line 107.
 (C:\Program Files\MiKTeX\tex/latex/graphics-def\pdftex.def
File: pdftex.def 2020/10/05 v1.2a Graphics/color driver for pdftex
))
\Gin@req@height=\dimen139
\Gin@req@width=\dimen140
) (C:\Program Files\MiKTeX\tex/latex/l3backend\l3backend-pdftex.def
File: l3backend-pdftex.def 2021-10-18 L3 backend support: PDF output (pdfTeX)
\l__color_backend_stack_int=\count192
\l__pdf_internal_box=\box50
) (Final_Project_Submission.aux)
\openout1 = `Final_Project_Submission.aux'.

LaTeX Font Info:    Checking defaults for OML/cmm/m/it on input line 23.
LaTeX Font Info:    ... okay on input line 23.
LaTeX Font Info:    Checking defaults for OMS/cmsy/m/n on input line 23.
LaTeX Font Info:    ... okay on input line 23.
LaTeX Font Info:    Checking defaults for OT1/cmr/m/n on input line 23.
LaTeX Font Info:    ... okay on input line 23.
LaTeX Font Info:    Checking defaults for T1/cmr/m/n on input line 23.
LaTeX Font Info:    ... okay on input line 23.
LaTeX Font Info:    Checking defaults for TS1/cmr/m/n on input line 23.
LaTeX Font Info:    ... okay on input line 23.
LaTeX Font Info:    Checking defaults for OMX/cmex/m/n on input line 23.
LaTeX Font Info:    ... okay on input line 23.
LaTeX Font Info:    Checking defaults for U/cmr/m/n on input line 23.
LaTeX Font Info:    ... okay on input line 23.
 (C:\Program Files\MiKTeX\tex/context/base/mkii\supp-pdf.mkii
[Loading MPS to PDF converter (version 2006.09.02).]
\scratchcounter=\count193
\scratchdimen=\dimen141
\scratchbox=\box51
\nofMPsegments=\count194
\nofMParguments=\count195
\everyMPshowfont=\toks19
\MPscratchCnt=\count196
\MPscratchDim=\dimen142
\MPnumerator=\count197
\makeMPintoPDFobject=\count198
\everyMPtoPDFconversion=\toks20
) (C:\Program Files\MiKTeX\tex/latex/epstopdf-pkg\epstopdf-base.sty
Package: epstopdf-base 2020-01-24 v2.11 Base part for package epstopdf
Package epstopdf-base Info: Redefining graphics rule for `.eps' on input line 485.
 (C:\Program Files\MiKTeX\tex/latex/00miktex\epstopdf-sys.cfg
File: epstopdf-sys.cfg 2021/03/18 v2.0 Configuration of epstopdf for MiKTeX
))
LaTeX Font Info:    External font `cmex10' loaded for size
(Font)              <14.4> on input line 24.
LaTeX Font Info:    External font `cmex10' loaded for size
(Font)              <7> on input line 24.
 [1

{C:/Users/krish/AppData/Local/MiKTeX/fonts/map/pdftex/pdftex.map}] (Final_Project_Submission.toc
LaTeX Font Info:    External font `cmex10' loaded for size
(Font)              <12> on input line 2.
LaTeX Font Info:    External font `cmex10' loaded for size
(Font)              <8> on input line 2.
LaTeX Font Info:    External font `cmex10' loaded for size
(Font)              <6> on input line 2.
 [1

])
\tf@toc=\write3
\openout3 = `Final_Project_Submission.toc'.

 [2]
Chapter 1.

Underfull \hbox (badness 10000) in paragraph at lines 36--57

 []

[3

] [4] [5]
Chapter 2.
[6

] [7] [8]
Overfull \hbox (1.75844pt too wide) in paragraph at lines 232--233
[]\OT1/cmr/m/n/12 Delivery: Quar-ternary re-la-tion be-tween ware-house, or-der, de-liv-ery part-
 []

[9] [10]
<Pictures/ER_Diagram.png, id=40, 1227.83719pt x 1981.4025pt>
File: Pictures/ER_Diagram.png Graphic file (type png)
<use Pictures/ER_Diagram.png>
Package pdftex.def Info: Pictures/ER_Diagram.png  used on input line 277.
(pdftex.def)             Requested size: 331.50238pt x 534.9556pt.
 [11]
Overfull \vbox (14.69893pt too high) has occurred while \output is active []

 [12 <./Pictures/ER_Diagram.png>]
Chapter 3.
[13

]
Overfull \hbox (30.72984pt too wide) in paragraph at lines 294--295
[]\OT1/cmr/m/n/12 Delivery ($[]$, Em-ployee ID, Cus-tomer ID, Ware-house ID,delivery[]date) 
 []

[14]
Chapter 4.

Overfull \hbox (21.6157pt too wide) in paragraph at lines 312--313
[]\OT1/cmr/m/n/12 Dropped ven-dor[]phone, cus-tomer[]phone, ware-house[]phone, prod-uct[]rating,
 []


Overfull \hbox (12.5161pt too wide) in paragraph at lines 318--319
[]\OT1/cmr/m/n/12 Removed at-tribute cat-e-gory from prod-uct, added at-tribute prod-uct[]name. 
 []

[15

] [16]
Chapter 5.
[17

] [18] [19]
Chapter 6.

Underfull \hbox (badness 10000) in paragraph at lines 378--382

 []

[20

]
Underfull \hbox (badness 10000) in paragraph at lines 394--396

 []

[21]
Underfull \hbox (badness 10000) in paragraph at lines 424--426

 []


Overfull \hbox (17.26382pt too wide) in paragraph at lines 429--430
[]\OT1/cmr/m/n/12 Service em-ploy-ees would only be re-spon-si-ble for han-dling com-plaints(would
 []

[22]
Chapter 7.

Overfull \hbox (24.21574pt too wide) in paragraph at lines 445--445
[]\OT1/cmr/bx/n/17.28 Entity Re-la-tion-ship Par-tic-i-pa-tion and Types 
 []

[23

]
Overfull \hbox (23.62627pt too wide) in paragraph at lines 461--462
\OT1/cmr/m/n/12 Queries have been in-cluded in the Database folder un-der the file name 'queries.sql',
 []


Overfull \hbox (26.70288pt too wide) in paragraph at lines 461--462
\OT1/cmr/m/n/12 which should be run af-ter run-ning 'database[]creation.sql' and 'data[]population.sql'
 []

[24] [25]
Chapter 8.
[26

] [27] [28] (Final_Project_Submission.aux) ) 
Here is how much of TeX's memory you used:
 1363 strings out of 478659
 22594 string characters out of 2855778
 325355 words of memory out of 3000000
 19493 multiletter control sequences out of 15000+600000
 410594 words of font info for 50 fonts, out of 8000000 for 9000
 1141 hyphenation exceptions out of 8191
 55i,6n,62p,688b,260s stack positions out of 5000i,500n,10000p,200000b,80000s
 <C:\Users\krish\AppData\Local\MiKTeX\fonts/pk/ljfour/jknappen/ec/dpi600\tcrm1200.pk><C:/Program Files/MiKTeX/fonts/type1/public/amsfonts/cm/cmbx12.pfb><C:/Program Files/MiKTeX/fonts/type1/public/amsfonts/cm/cmbxti10.pfb><C:/Program Files/MiKTeX/fonts/type1/public/amsfonts/cm/cmr12.pfb><C:/Program Files/MiKTeX/fonts/type1/public/amsfonts/cm/cmti12.pfb>
Output written on Final_Project_Submission.pdf (29 pages, 412974 bytes).
PDF statistics:
 123 PDF objects out of 1000 (max. 8388607)
 0 named destinations out of 1000 (max. 500000)
 6 words of extra memory for PDF output out of 10000 (max. 10000000)

